This file contains any messages produced by compilers while
running configure, to aid debugging if configure makes a mistake.

It was created by Samtools configure 1.3, which was
generated by GNU Autoconf 2.69.  Invocation command line was

  $ ./configure --without-curses

## --------- ##
## Platform. ##
## --------- ##

hostname = quser11
uname -m = x86_64
uname -r = 2.6.32-358.23.2.el6.x86_64
uname -s = Linux
uname -v = #1 SMP Sat Sep 14 05:32:37 EDT 2013

/usr/bin/uname -p = unknown
/bin/uname -X     = unknown

/bin/arch              = x86_64
/usr/bin/arch -k       = unknown
/usr/convex/getsysinfo = unknown
/usr/bin/hostinfo      = unknown
/bin/machine           = unknown
/usr/bin/oslevel       = unknown
/bin/universe          = unknown

PATH: /software/supplemental/apache-ant-1.9.4/bin
PATH: /software/java/jdk1.8.0_25/bin
PATH: /software/java/jdk1.8.0_25/jre/bin
PATH: /software/emacs/24.4/bin
PATH: /software/emacs/24.4/libexec
PATH: /software/texlive/2014/bin/x86_64-linux
PATH: /software/texinfo/5.2/bin
PATH: /software/mpi/openmpi-1.6.3-gcc-4.6.3-trq4/bin
PATH: /hpc/software/gcc/4.6.3-rhel6/bin
PATH: /projects/b1034/strelka_workflow
PATH: /home/etb589/perl5/bin
PATH: /software/R/3.2.2/bin
PATH: /software/activeperl/5.16/site/bin
PATH: /software/activeperl/5.16/bin
PATH: /usr/lib64/qt-3.3/bin
PATH: /opt/moab7/bin
PATH: /opt/moab7/sbin
PATH: /opt/mam/bin
PATH: /opt/mam/sbin
PATH: /usr/local/bin
PATH: /bin
PATH: /usr/bin
PATH: /usr/local/sbin
PATH: /usr/sbin
PATH: /sbin
PATH: /usr/lpp/mmfs/bin
PATH: /opt/torque/bin
PATH: /opt/torque/sbin
PATH: /home/etb589/projects/tools/
PATH: /home/etb589/projects/tools/homer/bin/
PATH: /home/etb589/projects/tools/weblogo/
PATH: /home/etb589/projects/tools/SeqPrep
PATH: /home/etb589/projects/tools/bwa-0.7.12/
PATH: /home/etb589/projects/tools/meme/bin/
PATH: /home/etb589/bin/
PATH: /home/etb589/projects/tools/rsem-1.2.20/
PATH: /home/etb589/projects/tools/samtools-0.1.19/
PATH: /home/etb589/projects/tools/bowtie2-2.2.3/
PATH: /home/etb589/.local/lib/aws/bin/
PATH: /projects/p20742/tools/java-genomics-toolkit/
PATH: /projects/b1025/tools/samtools-1.2/htslib-1.2.1
PATH: /projects/b1025/etb/apj.NatureReviewers/superEnhancers/rose/


## ----------- ##
## Core tests. ##
## ----------- ##

configure:1895: checking for gcc
configure:1911: found /hpc/software/gcc/4.6.3-rhel6/bin/gcc
configure:1922: result: gcc
configure:2151: checking for C compiler version
configure:2160: gcc --version >&5
gcc (GCC) 4.6.3
Copyright (C) 2011 Free Software Foundation, Inc.
This is free software; see the source for copying conditions.  There is NO
warranty; not even for MERCHANTABILITY or FITNESS FOR A PARTICULAR PURPOSE.

configure:2171: $? = 0
configure:2160: gcc -v >&5
Using built-in specs.
COLLECT_GCC=gcc
COLLECT_LTO_WRAPPER=/hpc/software/gcc/4.6.3-rhel6/bin/../libexec/gcc/x86_64-unknown-linux-gnu/4.6.3/lto-wrapper
Target: x86_64-unknown-linux-gnu
Configured with: ./configure --prefix=/software/gcc/4.6.3-rhel6 --with-ppl=/usr/local --enable-languages=go,c,c++,fortran,java,lto,objc,obj-c++ --disable-sjlj-exceptions --enable-gold=yes --enable-plugins
Thread model: posix
gcc version 4.6.3 (GCC) 
configure:2171: $? = 0
configure:2160: gcc -V >&5
gcc: error: unrecognized option '-V'
gcc: fatal error: no input files
compilation terminated.
configure:2171: $? = 1
configure:2160: gcc -qversion >&5
gcc: error: unrecognized option '-qversion'
gcc: fatal error: no input files
compilation terminated.
configure:2171: $? = 1
configure:2191: checking whether the C compiler works
configure:2213: gcc    conftest.c  >&5
configure:2217: $? = 0
configure:2265: result: yes
configure:2268: checking for C compiler default output file name
configure:2270: result: a.out
configure:2276: checking for suffix of executables
configure:2283: gcc -o conftest    conftest.c  >&5
configure:2287: $? = 0
configure:2309: result: 
configure:2331: checking whether we are cross compiling
configure:2339: gcc -o conftest    conftest.c  >&5
configure:2343: $? = 0
configure:2350: ./conftest
configure:2354: $? = 0
configure:2369: result: no
configure:2374: checking for suffix of object files
configure:2396: gcc -c   conftest.c >&5
configure:2400: $? = 0
configure:2421: result: o
configure:2425: checking whether we are using the GNU C compiler
configure:2444: gcc -c   conftest.c >&5
configure:2444: $? = 0
configure:2453: result: yes
configure:2462: checking whether gcc accepts -g
configure:2482: gcc -c -g  conftest.c >&5
configure:2482: $? = 0
configure:2523: result: yes
configure:2540: checking for gcc option to accept ISO C89
configure:2603: gcc  -c -g -O2  conftest.c >&5
configure:2603: $? = 0
configure:2616: result: none needed
configure:2680: checking location of HTSlib source tree
configure:2701: result: htslib-1.3
configure:3658: checking for zlib.h
configure:3658: gcc -c -g -O2  conftest.c >&5
configure:3658: $? = 0
configure:3658: result: yes
configure:3667: checking for inflate in -lz
configure:3692: gcc -o conftest -g -O2   conftest.c -lz   >&5
configure:3692: $? = 0
configure:3701: result: yes
configure:3843: creating ./config.status

## ---------------------- ##
## Running config.status. ##
## ---------------------- ##

This file was extended by Samtools config.status 1.3, which was
generated by GNU Autoconf 2.69.  Invocation command line was

  CONFIG_FILES    = 
  CONFIG_HEADERS  = 
  CONFIG_LINKS    = 
  CONFIG_COMMANDS = 
  $ ./config.status 

on quser11

config.status:793: creating config.mk
config.status:793: creating config.h
configure:5068: === configuring in htslib-1.3 (/projects/p20742/tools/RSEM-1.2.30/samtools-1.3/htslib-1.3)
configure:5131: running /bin/sh ./configure --disable-option-checking '--prefix=/usr/local'  '--without-curses' --cache-file=/dev/null --srcdir=.

## ---------------- ##
## Cache variables. ##
## ---------------- ##

ac_cv_c_compiler_gnu=yes
ac_cv_env_CC_set=
ac_cv_env_CC_value=
ac_cv_env_CFLAGS_set=
ac_cv_env_CFLAGS_value=
ac_cv_env_CPPFLAGS_set=
ac_cv_env_CPPFLAGS_value=
ac_cv_env_CURSES_LIB_set=
ac_cv_env_CURSES_LIB_value=
ac_cv_env_LDFLAGS_set=
ac_cv_env_LDFLAGS_value=
ac_cv_env_LIBS_set=
ac_cv_env_LIBS_value=
ac_cv_env_build_alias_set=
ac_cv_env_build_alias_value=
ac_cv_env_host_alias_set=
ac_cv_env_host_alias_value=
ac_cv_env_target_alias_set=
ac_cv_env_target_alias_value=
ac_cv_header_zlib_h=yes
ac_cv_lib_z_inflate=yes
ac_cv_objext=o
ac_cv_prog_ac_ct_CC=gcc
ac_cv_prog_cc_c89=
ac_cv_prog_cc_g=yes
ax_cv_htslib=yes
ax_cv_htslib_which=source

## ----------------- ##
## Output variables. ##
## ----------------- ##

CC='gcc'
CFLAGS='-g -O2'
CPPFLAGS=''
CURSES_LIB=''
DEFS='-DHAVE_CONFIG_H'
ECHO_C=''
ECHO_N='-n'
ECHO_T=''
EXEEXT=''
HTSDIR='htslib-1.3'
HTSLIB_CPPFLAGS='-Ihtslib-1.3'
HTSLIB_LDFLAGS='-Lhtslib-1.3'
Hinstall='#'
Hsource=''
LDFLAGS=''
LIBOBJS=''
LIBS=''
LTLIBOBJS=''
OBJEXT='o'
PACKAGE_BUGREPORT='samtools-help@lists.sourceforge.net'
PACKAGE_NAME='Samtools'
PACKAGE_STRING='Samtools 1.3'
PACKAGE_TARNAME='samtools'
PACKAGE_URL='http://www.htslib.org/'
PACKAGE_VERSION='1.3'
PATH_SEPARATOR=':'
SHELL='/bin/sh'
ac_ct_CC='gcc'
bindir='${exec_prefix}/bin'
build_alias=''
datadir='${datarootdir}'
datarootdir='${prefix}/share'
docdir='${datarootdir}/doc/${PACKAGE_TARNAME}'
dvidir='${docdir}'
exec_prefix='${prefix}'
host_alias=''
htmldir='${docdir}'
includedir='${prefix}/include'
infodir='${datarootdir}/info'
libdir='${exec_prefix}/lib'
libexecdir='${exec_prefix}/libexec'
localedir='${datarootdir}/locale'
localstatedir='${prefix}/var'
mandir='${datarootdir}/man'
oldincludedir='/usr/include'
pdfdir='${docdir}'
prefix='/usr/local'
program_transform_name='s,x,x,'
psdir='${docdir}'
sbindir='${exec_prefix}/sbin'
sharedstatedir='${prefix}/com'
subdirs=' htslib-1.3'
sysconfdir='${prefix}/etc'
target_alias=''

## ----------- ##
## confdefs.h. ##
## ----------- ##

/* confdefs.h */
#define PACKAGE_NAME "Samtools"
#define PACKAGE_TARNAME "samtools"
#define PACKAGE_VERSION "1.3"
#define PACKAGE_STRING "Samtools 1.3"
#define PACKAGE_BUGREPORT "samtools-help@lists.sourceforge.net"
#define PACKAGE_URL "http://www.htslib.org/"
#define HAVE_LIBZ 1

configure: exit 0
